0 info it worked if it ends with ok
1 verbose cli [ 'C:\\Program Files\\nodejs\\\\node.exe',
1 verbose cli   'C:\\Program Files\\nodejs\\node_modules\\npm\\bin\\npm-cli.js',
1 verbose cli   'install' ]
2 info using npm@1.4.28
3 info using node@v0.10.35
4 verbose node symlink C:\Program Files\nodejs\\node.exe
5 verbose readDependencies using package.json deps
6 verbose install where, deps [ 'E:\\CloudKibo',
6 verbose install   [ 'express',
6 verbose install     'morgan',
6 verbose install     'body-parser',
6 verbose install     'method-override',
6 verbose install     'serve-favicon',
6 verbose install     'cookie-parser',
6 verbose install     'express-session',
6 verbose install     'errorhandler',
6 verbose install     'compression',
6 verbose install     'lodash',
6 verbose install     'jade',
6 verbose install     'mongoose',
6 verbose install     'mongodb',
6 verbose install     'jsonwebtoken',
6 verbose install     'express-jwt',
6 verbose install     'passport',
6 verbose install     'passport-local',
6 verbose install     'passport-facebook',
6 verbose install     'passport-twitter',
6 verbose install     'passport-google-oauth',
6 verbose install     'passport-windowslive',
6 verbose install     'composable-middleware',
6 verbose install     'socket.io',
6 verbose install     'socket.io-client',
6 verbose install     'socketio-jwt',
6 verbose install     'sendgrid',
6 verbose install     'grunt',
6 verbose install     'grunt-autoprefixer',
6 verbose install     'grunt-wiredep',
6 verbose install     'grunt-concurrent',
6 verbose install     'grunt-contrib-clean',
6 verbose install     'grunt-contrib-concat',
6 verbose install     'grunt-contrib-copy',
6 verbose install     'grunt-contrib-cssmin',
6 verbose install     'grunt-contrib-htmlmin',
6 verbose install     'grunt-contrib-imagemin',
6 verbose install     'grunt-contrib-jshint',
6 verbose install     'grunt-contrib-uglify',
6 verbose install     'grunt-contrib-watch',
6 verbose install     'grunt-contrib-jade',
6 verbose install     'grunt-google-cdn',
6 verbose install     'grunt-newer',
6 verbose install     'grunt-ng-annotate',
6 verbose install     'grunt-rev',
6 verbose install     'grunt-svgmin',
6 verbose install     'grunt-usemin',
6 verbose install     'grunt-env',
6 verbose install     'grunt-node-inspector',
6 verbose install     'grunt-nodemon',
6 verbose install     'grunt-angular-templates',
6 verbose install     'grunt-dom-munger',
6 verbose install     'grunt-protractor-runner',
6 verbose install     'grunt-asset-injector',
6 verbose install     'grunt-karma',
6 verbose install     'grunt-build-control',
6 verbose install     'grunt-mocha-test',
6 verbose install     'grunt-contrib-stylus',
6 verbose install     'jit-grunt',
6 verbose install     'time-grunt',
6 verbose install     'grunt-express-server',
6 verbose install     'grunt-open',
6 verbose install     'open',
6 verbose install     'jshint-stylish',
6 verbose install     'connect-livereload',
6 verbose install     'karma-ng-scenario',
6 verbose install     'karma-firefox-launcher',
6 verbose install     'karma-script-launcher',
6 verbose install     'karma-html2js-preprocessor',
6 verbose install     'karma-ng-jade2js-preprocessor',
6 verbose install     'karma-jasmine',
6 verbose install     'karma-chrome-launcher',
6 verbose install     'requirejs',
6 verbose install     'karma-requirejs',
6 verbose install     'karma-coffee-preprocessor',
6 verbose install     'karma-jade-preprocessor',
6 verbose install     'karma-phantomjs-launcher',
6 verbose install     'karma',
6 verbose install     'karma-ng-html2js-preprocessor',
6 verbose install     'supertest',
6 verbose install     'should' ] ]
7 info preinstall cloud-kibo@1.0.0
8 verbose readDependencies using package.json deps
9 verbose cache add [ 'passport-facebook@latest', null ]
10 verbose cache add name=undefined spec="passport-facebook@latest" args=["passport-facebook@latest",null]
11 verbose parsed url { protocol: null,
11 verbose parsed url   slashes: null,
11 verbose parsed url   auth: null,
11 verbose parsed url   host: null,
11 verbose parsed url   port: null,
11 verbose parsed url   hostname: null,
11 verbose parsed url   hash: null,
11 verbose parsed url   search: null,
11 verbose parsed url   query: null,
11 verbose parsed url   pathname: 'passport-facebook@latest',
11 verbose parsed url   path: 'passport-facebook@latest',
11 verbose parsed url   href: 'passport-facebook@latest' }
12 verbose cache add [ 'passport-twitter@latest', null ]
13 verbose cache add name=undefined spec="passport-twitter@latest" args=["passport-twitter@latest",null]
14 verbose parsed url { protocol: null,
14 verbose parsed url   slashes: null,
14 verbose parsed url   auth: null,
14 verbose parsed url   host: null,
14 verbose parsed url   port: null,
14 verbose parsed url   hostname: null,
14 verbose parsed url   hash: null,
14 verbose parsed url   search: null,
14 verbose parsed url   query: null,
14 verbose parsed url   pathname: 'passport-twitter@latest',
14 verbose parsed url   path: 'passport-twitter@latest',
14 verbose parsed url   href: 'passport-twitter@latest' }
15 verbose cache add [ 'passport-google-oauth@latest', null ]
16 verbose cache add name=undefined spec="passport-google-oauth@latest" args=["passport-google-oauth@latest",null]
17 verbose parsed url { protocol: null,
17 verbose parsed url   slashes: null,
17 verbose parsed url   auth: null,
17 verbose parsed url   host: null,
17 verbose parsed url   port: null,
17 verbose parsed url   hostname: null,
17 verbose parsed url   hash: null,
17 verbose parsed url   search: null,
17 verbose parsed url   query: null,
17 verbose parsed url   pathname: 'passport-google-oauth@latest',
17 verbose parsed url   path: 'passport-google-oauth@latest',
17 verbose parsed url   href: 'passport-google-oauth@latest' }
18 verbose cache add [ 'passport-windowslive@latest', null ]
19 verbose cache add name=undefined spec="passport-windowslive@latest" args=["passport-windowslive@latest",null]
20 verbose parsed url { protocol: null,
20 verbose parsed url   slashes: null,
20 verbose parsed url   auth: null,
20 verbose parsed url   host: null,
20 verbose parsed url   port: null,
20 verbose parsed url   hostname: null,
20 verbose parsed url   hash: null,
20 verbose parsed url   search: null,
20 verbose parsed url   query: null,
20 verbose parsed url   pathname: 'passport-windowslive@latest',
20 verbose parsed url   path: 'passport-windowslive@latest',
20 verbose parsed url   href: 'passport-windowslive@latest' }
21 verbose already installed skipping composable-middleware@^0.3.0 E:\CloudKibo
22 verbose already installed skipping socket.io@0.9.14 E:\CloudKibo
23 verbose already installed skipping socket.io-client@^1.0.6 E:\CloudKibo
24 verbose already installed skipping socketio-jwt@^2.0.2 E:\CloudKibo
25 verbose already installed skipping sendgrid@1.0.1 E:\CloudKibo
26 verbose already installed skipping grunt@~0.4.4 E:\CloudKibo
27 verbose already installed skipping grunt-autoprefixer@~0.7.2 E:\CloudKibo
28 verbose already installed skipping grunt-wiredep@~1.8.0 E:\CloudKibo
29 verbose already installed skipping grunt-concurrent@~0.5.0 E:\CloudKibo
30 verbose already installed skipping grunt-contrib-clean@~0.5.0 E:\CloudKibo
31 verbose already installed skipping grunt-contrib-concat@~0.4.0 E:\CloudKibo
32 verbose cache add name="passport-facebook" spec="latest" args=["passport-facebook","latest"]
33 verbose parsed url { protocol: null,
33 verbose parsed url   slashes: null,
33 verbose parsed url   auth: null,
33 verbose parsed url   host: null,
33 verbose parsed url   port: null,
33 verbose parsed url   hostname: null,
33 verbose parsed url   hash: null,
33 verbose parsed url   search: null,
33 verbose parsed url   query: null,
33 verbose parsed url   pathname: 'latest',
33 verbose parsed url   path: 'latest',
33 verbose parsed url   href: 'latest' }
34 verbose addNamed [ 'passport-facebook', 'latest' ]
35 verbose addNamed [ null, null ]
36 verbose cache add name="passport-twitter" spec="latest" args=["passport-twitter","latest"]
37 verbose parsed url { protocol: null,
37 verbose parsed url   slashes: null,
37 verbose parsed url   auth: null,
37 verbose parsed url   host: null,
37 verbose parsed url   port: null,
37 verbose parsed url   hostname: null,
37 verbose parsed url   hash: null,
37 verbose parsed url   search: null,
37 verbose parsed url   query: null,
37 verbose parsed url   pathname: 'latest',
37 verbose parsed url   path: 'latest',
37 verbose parsed url   href: 'latest' }
38 verbose addNamed [ 'passport-twitter', 'latest' ]
39 verbose addNamed [ null, null ]
40 verbose cache add name="passport-google-oauth" spec="latest" args=["passport-google-oauth","latest"]
41 verbose parsed url { protocol: null,
41 verbose parsed url   slashes: null,
41 verbose parsed url   auth: null,
41 verbose parsed url   host: null,
41 verbose parsed url   port: null,
41 verbose parsed url   hostname: null,
41 verbose parsed url   hash: null,
41 verbose parsed url   search: null,
41 verbose parsed url   query: null,
41 verbose parsed url   pathname: 'latest',
41 verbose parsed url   path: 'latest',
41 verbose parsed url   href: 'latest' }
42 verbose addNamed [ 'passport-google-oauth', 'latest' ]
43 verbose addNamed [ null, null ]
44 verbose cache add name="passport-windowslive" spec="latest" args=["passport-windowslive","latest"]
45 verbose parsed url { protocol: null,
45 verbose parsed url   slashes: null,
45 verbose parsed url   auth: null,
45 verbose parsed url   host: null,
45 verbose parsed url   port: null,
45 verbose parsed url   hostname: null,
45 verbose parsed url   hash: null,
45 verbose parsed url   search: null,
45 verbose parsed url   query: null,
45 verbose parsed url   pathname: 'latest',
45 verbose parsed url   path: 'latest',
45 verbose parsed url   href: 'latest' }
46 verbose addNamed [ 'passport-windowslive', 'latest' ]
47 verbose addNamed [ null, null ]
48 silly lockFile 82ca5952-passport-facebook-latest passport-facebook@latest
49 verbose lock passport-facebook@latest C:\Users\Saba\AppData\Roaming\npm-cache\82ca5952-passport-facebook-latest.lock
50 silly lockFile d5de964c-passport-twitter-latest passport-twitter@latest
51 verbose lock passport-twitter@latest C:\Users\Saba\AppData\Roaming\npm-cache\d5de964c-passport-twitter-latest.lock
52 silly lockFile 2c491da3-passport-google-oauth-latest passport-google-oauth@latest
53 verbose lock passport-google-oauth@latest C:\Users\Saba\AppData\Roaming\npm-cache\2c491da3-passport-google-oauth-latest.lock
54 silly lockFile 8cf4c363-passport-windowslive-latest passport-windowslive@latest
55 verbose lock passport-windowslive@latest C:\Users\Saba\AppData\Roaming\npm-cache\8cf4c363-passport-windowslive-latest.lock
56 info addNameTag [ 'passport-facebook', 'latest' ]
57 info addNameTag [ 'passport-twitter', 'latest' ]
58 info addNameTag [ 'passport-google-oauth', 'latest' ]
59 info addNameTag [ 'passport-windowslive', 'latest' ]
60 verbose request where is /passport-twitter
61 verbose request registry https://registry.npmjs.org/
62 verbose request id 51aa4010266f64f9
63 verbose url raw /passport-twitter
64 verbose url resolving [ 'https://registry.npmjs.org/', './passport-twitter' ]
65 verbose url resolved https://registry.npmjs.org/passport-twitter
66 verbose request where is https://registry.npmjs.org/passport-twitter
67 info trying registry request attempt 1 at 14:25:57
68 verbose etag "8AN8QXSCDE7B5N7JJZHA1G7YA"
69 http GET https://registry.npmjs.org/passport-twitter
70 verbose already installed skipping grunt-contrib-copy@~0.5.0 E:\CloudKibo
71 verbose already installed skipping grunt-contrib-cssmin@~0.9.0 E:\CloudKibo
72 verbose already installed skipping grunt-contrib-htmlmin@~0.2.0 E:\CloudKibo
73 verbose already installed skipping grunt-contrib-imagemin@~0.7.1 E:\CloudKibo
74 verbose already installed skipping grunt-contrib-jshint@~0.10.0 E:\CloudKibo
75 verbose already installed skipping grunt-contrib-uglify@~0.4.0 E:\CloudKibo
76 verbose already installed skipping grunt-contrib-watch@~0.6.1 E:\CloudKibo
77 verbose already installed skipping grunt-contrib-jade@^0.11.0 E:\CloudKibo
78 verbose already installed skipping grunt-google-cdn@~0.4.0 E:\CloudKibo
79 verbose already installed skipping grunt-newer@~0.7.0 E:\CloudKibo
80 verbose already installed skipping grunt-ng-annotate@^0.2.3 E:\CloudKibo
81 verbose already installed skipping grunt-rev@~0.1.0 E:\CloudKibo
82 verbose already installed skipping grunt-svgmin@~0.4.0 E:\CloudKibo
83 verbose already installed skipping grunt-usemin@~2.1.1 E:\CloudKibo
84 verbose already installed skipping grunt-env@~0.4.1 E:\CloudKibo
85 verbose already installed skipping grunt-node-inspector@~0.1.5 E:\CloudKibo
86 verbose already installed skipping grunt-nodemon@~0.2.0 E:\CloudKibo
87 verbose already installed skipping grunt-angular-templates@^0.5.4 E:\CloudKibo
88 verbose already installed skipping grunt-dom-munger@^3.4.0 E:\CloudKibo
89 verbose already installed skipping grunt-protractor-runner@^1.1.0 E:\CloudKibo
90 verbose already installed skipping grunt-asset-injector@^0.1.0 E:\CloudKibo
91 verbose already installed skipping grunt-karma@~0.8.2 E:\CloudKibo
92 verbose cache add [ 'grunt-build-control@git+https://github.com/DaftMonk/grunt-build-control',
92 verbose cache add   null ]
93 verbose cache add name=undefined spec="grunt-build-control@git+https://github.com/DaftMonk/grunt-build-control" args=["grunt-build-control@git+https://github.com/DaftMonk/grunt-build-control",null]
94 verbose parsed url { protocol: null,
94 verbose parsed url   slashes: null,
94 verbose parsed url   auth: null,
94 verbose parsed url   host: null,
94 verbose parsed url   port: null,
94 verbose parsed url   hostname: null,
94 verbose parsed url   hash: null,
94 verbose parsed url   search: null,
94 verbose parsed url   query: null,
94 verbose parsed url   pathname: 'grunt-build-control@git+https://github.com/DaftMonk/grunt-build-control',
94 verbose parsed url   path: 'grunt-build-control@git+https://github.com/DaftMonk/grunt-build-control',
94 verbose parsed url   href: 'grunt-build-control@git+https://github.com/DaftMonk/grunt-build-control' }
95 verbose already installed skipping grunt-mocha-test@~0.10.2 E:\CloudKibo
96 verbose cache add [ 'grunt-contrib-stylus@latest', null ]
97 verbose cache add name=undefined spec="grunt-contrib-stylus@latest" args=["grunt-contrib-stylus@latest",null]
98 verbose parsed url { protocol: null,
98 verbose parsed url   slashes: null,
98 verbose parsed url   auth: null,
98 verbose parsed url   host: null,
98 verbose parsed url   port: null,
98 verbose parsed url   hostname: null,
98 verbose parsed url   hash: null,
98 verbose parsed url   search: null,
98 verbose parsed url   query: null,
98 verbose parsed url   pathname: 'grunt-contrib-stylus@latest',
98 verbose parsed url   path: 'grunt-contrib-stylus@latest',
98 verbose parsed url   href: 'grunt-contrib-stylus@latest' }
99 verbose already installed skipping jit-grunt@^0.5.0 E:\CloudKibo
100 verbose already installed skipping time-grunt@~0.3.1 E:\CloudKibo
101 verbose already installed skipping grunt-express-server@~0.4.17 E:\CloudKibo
102 verbose already installed skipping grunt-open@~0.2.3 E:\CloudKibo
103 verbose already installed skipping open@~0.0.4 E:\CloudKibo
104 verbose already installed skipping jshint-stylish@~0.1.5 E:\CloudKibo
105 verbose already installed skipping connect-livereload@~0.4.0 E:\CloudKibo
106 verbose request where is /passport-google-oauth
107 verbose request registry https://registry.npmjs.org/
108 verbose url raw /passport-google-oauth
109 verbose url resolving [ 'https://registry.npmjs.org/', './passport-google-oauth' ]
110 verbose url resolved https://registry.npmjs.org/passport-google-oauth
111 verbose request where is https://registry.npmjs.org/passport-google-oauth
112 info trying registry request attempt 1 at 14:25:57
113 verbose etag "3AD36PY7JN7JEADRK6YWMRHRX"
114 http GET https://registry.npmjs.org/passport-google-oauth
115 verbose request where is /passport-facebook
116 verbose request registry https://registry.npmjs.org/
117 verbose url raw /passport-facebook
118 verbose url resolving [ 'https://registry.npmjs.org/', './passport-facebook' ]
119 verbose url resolved https://registry.npmjs.org/passport-facebook
120 verbose request where is https://registry.npmjs.org/passport-facebook
121 info trying registry request attempt 1 at 14:25:57
122 verbose etag "DC1H0EDRX1RVM55U0PCZXGGY5"
123 http GET https://registry.npmjs.org/passport-facebook
124 verbose already installed skipping karma-ng-scenario@~0.1.0 E:\CloudKibo
125 verbose already installed skipping karma-firefox-launcher@~0.1.3 E:\CloudKibo
126 verbose already installed skipping karma-script-launcher@~0.1.0 E:\CloudKibo
127 verbose already installed skipping karma-html2js-preprocessor@~0.1.0 E:\CloudKibo
128 verbose already installed skipping karma-ng-jade2js-preprocessor@^0.1.2 E:\CloudKibo
129 verbose already installed skipping karma-jasmine@~0.1.5 E:\CloudKibo
130 verbose already installed skipping karma-chrome-launcher@~0.1.3 E:\CloudKibo
131 verbose already installed skipping requirejs@~2.1.11 E:\CloudKibo
132 verbose already installed skipping karma-requirejs@~0.2.1 E:\CloudKibo
133 verbose already installed skipping karma-coffee-preprocessor@~0.2.1 E:\CloudKibo
134 verbose already installed skipping karma-jade-preprocessor@0.0.11 E:\CloudKibo
135 verbose already installed skipping karma-phantomjs-launcher@~0.1.4 E:\CloudKibo
136 verbose already installed skipping karma@~0.12.9 E:\CloudKibo
137 verbose already installed skipping karma-ng-html2js-preprocessor@~0.1.0 E:\CloudKibo
138 verbose already installed skipping supertest@~0.11.0 E:\CloudKibo
139 verbose cache add name="grunt-build-control" spec="git+https://github.com/DaftMonk/grunt-build-control" args=["grunt-build-control","git+https://github.com/DaftMonk/grunt-build-control"]
140 verbose parsed url { protocol: 'git+https:',
140 verbose parsed url   slashes: true,
140 verbose parsed url   auth: null,
140 verbose parsed url   host: 'github.com',
140 verbose parsed url   port: null,
140 verbose parsed url   hostname: 'github.com',
140 verbose parsed url   hash: null,
140 verbose parsed url   search: null,
140 verbose parsed url   query: null,
140 verbose parsed url   pathname: '/DaftMonk/grunt-build-control',
140 verbose parsed url   path: '/DaftMonk/grunt-build-control',
140 verbose parsed url   href: 'git+https://github.com/DaftMonk/grunt-build-control' }
141 silly lockFile 7e4d577b-com-DaftMonk-grunt-build-control https://github.com/DaftMonk/grunt-build-control
142 verbose lock https://github.com/DaftMonk/grunt-build-control C:\Users\Saba\AppData\Roaming\npm-cache\7e4d577b-com-DaftMonk-grunt-build-control.lock
143 verbose cache add name="grunt-contrib-stylus" spec="latest" args=["grunt-contrib-stylus","latest"]
144 verbose parsed url { protocol: null,
144 verbose parsed url   slashes: null,
144 verbose parsed url   auth: null,
144 verbose parsed url   host: null,
144 verbose parsed url   port: null,
144 verbose parsed url   hostname: null,
144 verbose parsed url   hash: null,
144 verbose parsed url   search: null,
144 verbose parsed url   query: null,
144 verbose parsed url   pathname: 'latest',
144 verbose parsed url   path: 'latest',
144 verbose parsed url   href: 'latest' }
145 verbose addNamed [ 'grunt-contrib-stylus', 'latest' ]
146 verbose addNamed [ null, null ]
147 silly lockFile 13e2f9ac-grunt-contrib-stylus-latest grunt-contrib-stylus@latest
148 verbose lock grunt-contrib-stylus@latest C:\Users\Saba\AppData\Roaming\npm-cache\13e2f9ac-grunt-contrib-stylus-latest.lock
149 verbose request where is /passport-windowslive
150 verbose request registry https://registry.npmjs.org/
151 verbose url raw /passport-windowslive
152 verbose url resolving [ 'https://registry.npmjs.org/', './passport-windowslive' ]
153 verbose url resolved https://registry.npmjs.org/passport-windowslive
154 verbose request where is https://registry.npmjs.org/passport-windowslive
155 info trying registry request attempt 1 at 14:25:57
156 verbose etag "1N20ICJT5MIFDNJHF8FUWXN3V"
157 http GET https://registry.npmjs.org/passport-windowslive
158 verbose addRemoteGit [ 'https://github.com/DaftMonk/grunt-build-control', 'master' ]
159 info addNameTag [ 'grunt-contrib-stylus', 'latest' ]
160 verbose already installed skipping should@~3.3.1 E:\CloudKibo
161 verbose request where is /grunt-contrib-stylus
162 verbose request registry https://registry.npmjs.org/
163 verbose url raw /grunt-contrib-stylus
164 verbose url resolving [ 'https://registry.npmjs.org/', './grunt-contrib-stylus' ]
165 verbose url resolved https://registry.npmjs.org/grunt-contrib-stylus
166 verbose request where is https://registry.npmjs.org/grunt-contrib-stylus
167 info trying registry request attempt 1 at 14:25:57
168 verbose etag "7RGRFZ812BSG95J4DV5MNOQCQ"
169 http GET https://registry.npmjs.org/grunt-contrib-stylus
170 verbose already installed skipping express@~4.0.0 E:\CloudKibo
171 verbose already installed skipping morgan@~1.0.0 E:\CloudKibo
172 verbose already installed skipping body-parser@~1.5.0 E:\CloudKibo
173 verbose already installed skipping method-override@~1.0.0 E:\CloudKibo
174 verbose already installed skipping serve-favicon@~2.0.1 E:\CloudKibo
175 verbose already installed skipping cookie-parser@~1.0.1 E:\CloudKibo
176 verbose already installed skipping express-session@~1.0.2 E:\CloudKibo
177 verbose already installed skipping errorhandler@~1.0.0 E:\CloudKibo
178 verbose already installed skipping compression@~1.0.1 E:\CloudKibo
179 verbose already installed skipping lodash@~2.4.1 E:\CloudKibo
180 verbose already installed skipping jade@~1.2.0 E:\CloudKibo
181 verbose already installed skipping mongoose@~3.8.8 E:\CloudKibo
182 verbose already installed skipping mongodb@~1.4.19 E:\CloudKibo
183 verbose already installed skipping jsonwebtoken@^0.3.0 E:\CloudKibo
184 verbose already installed skipping express-jwt@^0.1.3 E:\CloudKibo
185 verbose already installed skipping passport@~0.2.0 E:\CloudKibo
186 verbose already installed skipping passport-local@~0.1.6 E:\CloudKibo
187 verbose git remote.origin.url https://github.com/DaftMonk/grunt-build-control
188 error git fetch -a origin (https://github.com/DaftMonk/grunt-build-control) fatal: Unable to find remote helper for 'https'
189 silly lockFile 7e4d577b-com-DaftMonk-grunt-build-control https://github.com/DaftMonk/grunt-build-control
190 silly lockFile 7e4d577b-com-DaftMonk-grunt-build-control https://github.com/DaftMonk/grunt-build-control
191 http 304 https://registry.npmjs.org/grunt-contrib-stylus
192 silly registry.get cb [ 304,
192 silly registry.get   { date: 'Sat, 21 Feb 2015 09:26:14 GMT',
192 silly registry.get     server: 'Apache',
192 silly registry.get     via: '1.1 varnish',
192 silly registry.get     'last-modified': 'Sat, 21 Feb 2015 09:26:14 GMT',
192 silly registry.get     'cache-control': 'max-age=60',
192 silly registry.get     etag: '"7RGRFZ812BSG95J4DV5MNOQCQ"',
192 silly registry.get     age: '0',
192 silly registry.get     'x-served-by': 'cache-lcy1135-LCY',
192 silly registry.get     'x-cache': 'MISS',
192 silly registry.get     'x-cache-hits': '0',
192 silly registry.get     'x-timer': 'S1424510774.436328,VS0,VE88',
192 silly registry.get     vary: 'Accept',
192 silly registry.get     'content-length': '0',
192 silly registry.get     'keep-alive': 'timeout=10, max=50',
192 silly registry.get     connection: 'Keep-Alive' } ]
193 verbose etag https://registry.npmjs.org/grunt-contrib-stylus from cache
194 verbose addNamed [ 'grunt-contrib-stylus', '0.20.0' ]
195 verbose addNamed [ '0.20.0', '0.20.0' ]
196 silly lockFile acbc5348-grunt-contrib-stylus-0-20-0 grunt-contrib-stylus@0.20.0
197 verbose lock grunt-contrib-stylus@0.20.0 C:\Users\Saba\AppData\Roaming\npm-cache\acbc5348-grunt-contrib-stylus-0-20-0.lock
198 silly lockFile acbc5348-grunt-contrib-stylus-0-20-0 grunt-contrib-stylus@0.20.0
199 silly lockFile acbc5348-grunt-contrib-stylus-0-20-0 grunt-contrib-stylus@0.20.0
200 silly lockFile 13e2f9ac-grunt-contrib-stylus-latest grunt-contrib-stylus@latest
201 silly lockFile 13e2f9ac-grunt-contrib-stylus-latest grunt-contrib-stylus@latest
202 info already installed grunt-contrib-stylus@0.20.0
203 http 304 https://registry.npmjs.org/passport-twitter
204 silly registry.get cb [ 304,
204 silly registry.get   { date: 'Sat, 21 Feb 2015 09:26:14 GMT',
204 silly registry.get     server: 'Apache',
204 silly registry.get     via: '1.1 varnish',
204 silly registry.get     'last-modified': 'Sat, 21 Feb 2015 09:26:14 GMT',
204 silly registry.get     'cache-control': 'max-age=60',
204 silly registry.get     etag: '"8AN8QXSCDE7B5N7JJZHA1G7YA"',
204 silly registry.get     age: '0',
204 silly registry.get     'x-served-by': 'cache-lcy1127-LCY',
204 silly registry.get     'x-cache': 'MISS',
204 silly registry.get     'x-cache-hits': '0',
204 silly registry.get     'x-timer': 'S1424510774.440132,VS0,VE161',
204 silly registry.get     vary: 'Accept',
204 silly registry.get     'content-length': '0',
204 silly registry.get     'keep-alive': 'timeout=10, max=50',
204 silly registry.get     connection: 'Keep-Alive' } ]
205 verbose etag https://registry.npmjs.org/passport-twitter from cache
206 verbose addNamed [ 'passport-twitter', '1.0.2' ]
207 verbose addNamed [ '1.0.2', '1.0.2' ]
208 silly lockFile 50fcdf9c-passport-twitter-1-0-2 passport-twitter@1.0.2
209 verbose lock passport-twitter@1.0.2 C:\Users\Saba\AppData\Roaming\npm-cache\50fcdf9c-passport-twitter-1-0-2.lock
210 silly lockFile 50fcdf9c-passport-twitter-1-0-2 passport-twitter@1.0.2
211 silly lockFile 50fcdf9c-passport-twitter-1-0-2 passport-twitter@1.0.2
212 silly lockFile d5de964c-passport-twitter-latest passport-twitter@latest
213 silly lockFile d5de964c-passport-twitter-latest passport-twitter@latest
214 info already installed passport-twitter@1.0.2
215 http 304 https://registry.npmjs.org/passport-google-oauth
216 silly registry.get cb [ 304,
216 silly registry.get   { date: 'Sat, 21 Feb 2015 09:26:14 GMT',
216 silly registry.get     server: 'Apache',
216 silly registry.get     via: '1.1 varnish',
216 silly registry.get     'last-modified': 'Sat, 21 Feb 2015 09:26:14 GMT',
216 silly registry.get     'cache-control': 'max-age=60',
216 silly registry.get     etag: '"3AD36PY7JN7JEADRK6YWMRHRX"',
216 silly registry.get     age: '0',
216 silly registry.get     'x-served-by': 'cache-lcy1127-LCY',
216 silly registry.get     'x-cache': 'HIT',
216 silly registry.get     'x-cache-hits': '1',
216 silly registry.get     'x-timer': 'S1424510774.442871,VS0,VE346',
216 silly registry.get     vary: 'Accept',
216 silly registry.get     'content-length': '0',
216 silly registry.get     'keep-alive': 'timeout=10, max=50',
216 silly registry.get     connection: 'Keep-Alive' } ]
217 verbose etag https://registry.npmjs.org/passport-google-oauth from cache
218 http 304 https://registry.npmjs.org/passport-windowslive
219 silly registry.get cb [ 304,
219 silly registry.get   { date: 'Sat, 21 Feb 2015 09:26:14 GMT',
219 silly registry.get     server: 'Apache',
219 silly registry.get     via: '1.1 varnish',
219 silly registry.get     'last-modified': 'Sat, 21 Feb 2015 09:26:14 GMT',
219 silly registry.get     'cache-control': 'max-age=60',
219 silly registry.get     etag: '"1N20ICJT5MIFDNJHF8FUWXN3V"',
219 silly registry.get     age: '0',
219 silly registry.get     'x-served-by': 'cache-lcy1123-LCY',
219 silly registry.get     'x-cache': 'MISS',
219 silly registry.get     'x-cache-hits': '0',
219 silly registry.get     'x-timer': 'S1424510774.438682,VS0,VE358',
219 silly registry.get     vary: 'Accept',
219 silly registry.get     'content-length': '0',
219 silly registry.get     'keep-alive': 'timeout=10, max=50',
219 silly registry.get     connection: 'Keep-Alive' } ]
220 verbose etag https://registry.npmjs.org/passport-windowslive from cache
221 verbose addNamed [ 'passport-google-oauth', '0.1.5' ]
222 verbose addNamed [ '0.1.5', '0.1.5' ]
223 silly lockFile 3fbba456-passport-google-oauth-0-1-5 passport-google-oauth@0.1.5
224 verbose lock passport-google-oauth@0.1.5 C:\Users\Saba\AppData\Roaming\npm-cache\3fbba456-passport-google-oauth-0-1-5.lock
225 silly lockFile 3fbba456-passport-google-oauth-0-1-5 passport-google-oauth@0.1.5
226 silly lockFile 3fbba456-passport-google-oauth-0-1-5 passport-google-oauth@0.1.5
227 silly lockFile 2c491da3-passport-google-oauth-latest passport-google-oauth@latest
228 silly lockFile 2c491da3-passport-google-oauth-latest passport-google-oauth@latest
229 verbose addNamed [ 'passport-windowslive', '1.0.1' ]
230 verbose addNamed [ '1.0.1', '1.0.1' ]
231 silly lockFile 2c7b9e6d-passport-windowslive-1-0-1 passport-windowslive@1.0.1
232 verbose lock passport-windowslive@1.0.1 C:\Users\Saba\AppData\Roaming\npm-cache\2c7b9e6d-passport-windowslive-1-0-1.lock
233 silly lockFile 2c7b9e6d-passport-windowslive-1-0-1 passport-windowslive@1.0.1
234 silly lockFile 2c7b9e6d-passport-windowslive-1-0-1 passport-windowslive@1.0.1
235 silly lockFile 8cf4c363-passport-windowslive-latest passport-windowslive@latest
236 silly lockFile 8cf4c363-passport-windowslive-latest passport-windowslive@latest
237 info already installed passport-google-oauth@0.1.5
238 info already installed passport-windowslive@1.0.1
239 http 304 https://registry.npmjs.org/passport-facebook
240 silly registry.get cb [ 304,
240 silly registry.get   { date: 'Sat, 21 Feb 2015 09:26:14 GMT',
240 silly registry.get     server: 'Apache',
240 silly registry.get     via: '1.1 varnish',
240 silly registry.get     'last-modified': 'Sat, 21 Feb 2015 09:26:15 GMT',
240 silly registry.get     'cache-control': 'max-age=60',
240 silly registry.get     etag: '"DC1H0EDRX1RVM55U0PCZXGGY5"',
240 silly registry.get     age: '0',
240 silly registry.get     'x-served-by': 'cache-lcy1131-LCY',
240 silly registry.get     'x-cache': 'MISS',
240 silly registry.get     'x-cache-hits': '0',
240 silly registry.get     'x-timer': 'S1424510774.442145,VS0,VE622',
240 silly registry.get     vary: 'Accept',
240 silly registry.get     'content-length': '0',
240 silly registry.get     'keep-alive': 'timeout=10, max=50',
240 silly registry.get     connection: 'Keep-Alive' } ]
241 verbose etag https://registry.npmjs.org/passport-facebook from cache
242 verbose addNamed [ 'passport-facebook', '1.0.3' ]
243 verbose addNamed [ '1.0.3', '1.0.3' ]
244 silly lockFile 3e2a96bb-passport-facebook-1-0-3 passport-facebook@1.0.3
245 verbose lock passport-facebook@1.0.3 C:\Users\Saba\AppData\Roaming\npm-cache\3e2a96bb-passport-facebook-1-0-3.lock
246 silly lockFile 3e2a96bb-passport-facebook-1-0-3 passport-facebook@1.0.3
247 silly lockFile 3e2a96bb-passport-facebook-1-0-3 passport-facebook@1.0.3
248 silly lockFile 82ca5952-passport-facebook-latest passport-facebook@latest
249 silly lockFile 82ca5952-passport-facebook-latest passport-facebook@latest
250 info already installed passport-facebook@1.0.3
251 error Error: Command failed: fatal: Unable to find remote helper for 'https'
251 error
251 error     at ChildProcess.exithandler (child_process.js:658:15)
251 error     at ChildProcess.emit (events.js:98:17)
251 error     at maybeClose (child_process.js:766:16)
251 error     at Process.ChildProcess._handle.onexit (child_process.js:833:5)
252 error If you need help, you may report this *entire* log,
252 error including the npm and node versions, at:
252 error     <http://github.com/npm/npm/issues>
253 error System Windows_NT 6.2.9200
254 error command "C:\\Program Files\\nodejs\\\\node.exe" "C:\\Program Files\\nodejs\\node_modules\\npm\\bin\\npm-cli.js" "install"
255 error cwd E:\CloudKibo
256 error node -v v0.10.35
257 error npm -v 1.4.28
258 error code 128
259 verbose exit [ 1, true ]
